<?xml version="1.0" encoding="UTF-8"?>
<testsuite name="com.example.app.ApplicationTest" tests="1" skipped="0" failures="0" errors="0" timestamp="2026-05-24T17:20:15" hostname="7be271b0fe9c" time="0.516">
  <properties/>
  <testcase name="contextLoads()" classname="com.example.app.ApplicationTest" time="0.516"/>
  <system-out><![CDATA[17:20:13.802 [Test worker] INFO org.springframework.test.context.support.AnnotationConfigContextLoaderUtils -- Could not detect default configuration classes for test class [com.example.app.ApplicationTest]: ApplicationTest does not declare any static, non-private, non-final, nested classes annotated with @Configuration.
17:20:13.873 [Test worker] INFO org.springframework.boot.test.context.SpringBootTestContextBootstrapper -- Found @SpringBootConfiguration com.example.app.Application for test class com.example.app.ApplicationTest

  .   ____          _            __ _ _
 /\\ / ___'_ __ _ _(_)_ __  __ _ \ \ \ \
( ( )\___ | '_ | '_| | '_ \/ _` | \ \ \ \
 \\/  ___)| |_)| | | | | || (_| |  ) ) ) )
  '  |____| .__|_| |_|_| |_\__, | / / / /
 =========|_|==============|___/=/_/_/_/
 :: Spring Boot ::                (v3.2.5)

2026-05-24T17:20:14.138Z  INFO 490 --- [sample-build-project] [    Test worker] com.example.app.ApplicationTest          : Starting ApplicationTest using Java 21.0.11 with PID 490 (started by runner in /work/repo)
2026-05-24T17:20:14.139Z  INFO 490 --- [sample-build-project] [    Test worker] com.example.app.ApplicationTest          : No active profile set, falling back to 1 default profile: "default"
2026-05-24T17:20:15.121Z  INFO 490 --- [sample-build-project] [    Test worker] com.example.app.ApplicationTest          : Started ApplicationTest in 1.145 seconds (process running for 1.766)
]]></system-out>
  <system-err><![CDATA[WARNING: A Java agent has been loaded dynamically (/home/runner/.gradle/caches/modules-2/files-2.1/net.bytebuddy/byte-buddy-agent/1.14.13/979ce25f7d3096a2e82214ba7dc972a05ce7a171/byte-buddy-agent-1.14.13.jar)
WARNING: If a serviceability tool is in use, please run with -XX:+EnableDynamicAgentLoading to hide this warning
WARNING: If a serviceability tool is not in use, please run with -Djdk.instrument.traceUsage for more information
WARNING: Dynamic loading of agents will be disallowed by default in a future release
]]></system-err>
</testsuite>
